WARN  | 2017-08-27 09:27:25 | [main] univercity.Main (Main.java:45) - Igor-01/11/1990
Vitya-01/11/1970
Vasya-01/12/1959
Nicolas-02/14/1988
Don-03/15/1989

WARN  | 2017-08-27 09:31:30 | [main] univercity.Main (Main.java:58) - Employees are equal:false
WARN  | 2017-08-27 09:31:30 | [main] univercity.Main (Main.java:45) - Igor-01/11/1990
Vitya-01/11/1970
Vasya-01/12/1959
Nicolas-02/14/1988
Don-03/15/1989

WARN  | 2017-08-27 09:31:30 | [main] employees.Student (Student.java:5) - Student is learning
WARN  | 2017-08-27 09:31:30 | [main] teachers.MathTeacher (MathTeacher.java:8) - Math teacher is teaching math
WARN  | 2017-08-27 09:31:30 | [main] teachers.PhysicsTeacher (PhysicsTeacher.java:7) - Physics teacher is teaching physics
WARN  | 2017-08-27 09:31:30 | [main] students.Bacalavr (Bacalavr.java:8) - Bacalavr is doing science job
WARN  | 2017-08-27 09:31:30 | [main] students.Magistr (Magistr.java:8) - Magistr is learning and teaching other students
WARN  | 2017-08-27 09:32:05 | [main] univercity.Main (Main.java:58) - Employees are equal:false
WARN  | 2017-08-27 09:32:05 | [main] univercity.Main (Main.java:45) - Igor-01/11/1990
Vitya-01/11/1970
Vasya-01/12/1959
Nicolas-02/14/1988
Don-03/15/1989

WARN  | 2017-08-27 09:32:05 | [main] employees.Teacher (Teacher.java:7) - Teacher is teaching
WARN  | 2017-08-27 09:32:05 | [main] employees.Student (Student.java:5) - Student is learning
WARN  | 2017-08-27 09:32:05 | [main] administration.Economist (Economist.java:7) - Economist is counting money
WARN  | 2017-08-27 09:32:05 | [main] teachers.MathTeacher (MathTeacher.java:8) - Math teacher is teaching math
WARN  | 2017-08-27 09:32:05 | [main] teachers.PhysicsTeacher (PhysicsTeacher.java:7) - Physics teacher is teaching physics
WARN  | 2017-08-27 09:32:05 | [main] students.Bacalavr (Bacalavr.java:8) - Bacalavr is doing science job
WARN  | 2017-08-27 09:32:05 | [main] students.Magistr (Magistr.java:8) - Magistr is learning and teaching other students
WARN  | 2017-08-27 09:33:42 | [main] univercity.Main (Main.java:58) - Employees are equal:false
WARN  | 2017-08-27 09:33:42 | [main] univercity.Main (Main.java:45) - Igor-01/11/1990
Vitya-01/11/1970
Vasya-01/12/1959
Nicolas-02/14/1988
Don-03/15/1989

WARN  | 2017-08-27 09:33:42 | [main] employees.Teacher (Teacher.java:7) - Teacher is teaching
WARN  | 2017-08-27 09:33:42 | [main] employees.Student (Student.java:5) - Student is learning
WARN  | 2017-08-27 09:33:42 | [main] administration.Economist (Economist.java:7) - Economist is counting money
WARN  | 2017-08-27 09:33:42 | [main] teachers.MathTeacher (MathTeacher.java:8) - Math teacher is teaching math
WARN  | 2017-08-27 09:33:42 | [main] teachers.PhysicsTeacher (PhysicsTeacher.java:7) - Physics teacher is teaching physics
WARN  | 2017-08-27 09:33:42 | [main] students.Bacalavr (Bacalavr.java:8) - Bacalavr is doing science job
WARN  | 2017-08-27 09:33:42 | [main] students.Magistr (Magistr.java:8) - Magistr is learning and teaching other students
WARN  | 2017-08-27 09:37:37 | [main] univercity.Main (Main.java:58) - Employees are equal:false
WARN  | 2017-08-27 09:37:37 | [main] univercity.Main (Main.java:45) - Igor-01/11/1990Vitya-01/11/1970Vasya-01/12/1959Nicolas-02/14/1988Don-03/15/1989
WARN  | 2017-08-27 09:37:37 | [main] employees.Teacher (Teacher.java:7) - Teacher is teaching
WARN  | 2017-08-27 09:37:37 | [main] employees.Student (Student.java:5) - Student is learning
WARN  | 2017-08-27 09:37:37 | [main] administration.Economist (Economist.java:7) - Economist is counting money
WARN  | 2017-08-27 09:37:37 | [main] teachers.MathTeacher (MathTeacher.java:8) - Math teacher is teaching math
WARN  | 2017-08-27 09:37:37 | [main] teachers.PhysicsTeacher (PhysicsTeacher.java:7) - Physics teacher is teaching physics
WARN  | 2017-08-27 09:37:37 | [main] students.Bacalavr (Bacalavr.java:8) - Bacalavr is doing science job
WARN  | 2017-08-27 09:37:37 | [main] students.Magistr (Magistr.java:8) - Magistr is learning and teaching other students
WARN  | 2017-08-27 09:38:01 | [main] univercity.Main (Main.java:58) - Employees are equal:false
WARN  | 2017-08-27 09:38:01 | [main] univercity.Main (Main.java:45) - Igor-01/11/1990 Vitya-01/11/1970 Vasya-01/12/1959 Nicolas-02/14/1988 Don-03/15/1989 
WARN  | 2017-08-27 09:38:01 | [main] employees.Teacher (Teacher.java:7) - Teacher is teaching
WARN  | 2017-08-27 09:38:01 | [main] employees.Student (Student.java:5) - Student is learning
WARN  | 2017-08-27 09:38:01 | [main] administration.Economist (Economist.java:7) - Economist is counting money
WARN  | 2017-08-27 09:38:01 | [main] teachers.MathTeacher (MathTeacher.java:8) - Math teacher is teaching math
WARN  | 2017-08-27 09:38:01 | [main] teachers.PhysicsTeacher (PhysicsTeacher.java:7) - Physics teacher is teaching physics
WARN  | 2017-08-27 09:38:01 | [main] students.Bacalavr (Bacalavr.java:8) - Bacalavr is doing science job
WARN  | 2017-08-27 09:38:01 | [main] students.Magistr (Magistr.java:8) - Magistr is learning and teaching other students
WARN  | 2017-08-27 09:40:31 | [main] univercity.Main (Main.java:58) - Employees are equal:false
INFO  | 2017-08-27 09:40:31 | [main] univercity.Main (Main.java:45) - Igor-01/11/1990 Vitya-01/11/1970 Vasya-01/12/1959 Nicolas-02/14/1988 Don-03/15/1989 
WARN  | 2017-08-27 09:40:31 | [main] employees.Teacher (Teacher.java:7) - Teacher is teaching
WARN  | 2017-08-27 09:40:31 | [main] employees.Student (Student.java:5) - Student is learning
WARN  | 2017-08-27 09:40:31 | [main] administration.Economist (Economist.java:7) - Economist is counting money
WARN  | 2017-08-27 09:40:31 | [main] teachers.MathTeacher (MathTeacher.java:8) - Math teacher is teaching math
WARN  | 2017-08-27 09:40:31 | [main] teachers.PhysicsTeacher (PhysicsTeacher.java:7) - Physics teacher is teaching physics
WARN  | 2017-08-27 09:40:31 | [main] students.Bacalavr (Bacalavr.java:8) - Bacalavr is doing science job
WARN  | 2017-08-27 09:40:31 | [main] students.Magistr (Magistr.java:8) - Magistr is learning and teaching other students
WARN  | 2017-08-30 20:26:32 | [main] univercity.Main (Main.java:58) - Employees are equal:false
INFO  | 2017-08-30 20:26:32 | [main] univercity.Main (Main.java:45) - Igor-01/11/1990 Vitya-01/11/1970 Vasya-01/12/1959 Nicolas-02/14/1988 Don-03/15/1989 
WARN  | 2017-08-30 20:26:32 | [main] employees.Teacher (Teacher.java:7) - Teacher is teaching
WARN  | 2017-08-30 20:26:32 | [main] employees.Student (Student.java:5) - Student is learning
WARN  | 2017-08-30 20:26:32 | [main] administration.Economist (Economist.java:7) - Economist is counting money
WARN  | 2017-08-30 20:26:32 | [main] teachers.MathTeacher (MathTeacher.java:8) - Math teacher is teaching math
WARN  | 2017-08-30 20:26:32 | [main] teachers.PhysicsTeacher (PhysicsTeacher.java:7) - Physics teacher is teaching physics
WARN  | 2017-08-30 20:26:32 | [main] students.Bacalavr (Bacalavr.java:8) - Bacalavr is doing science job
WARN  | 2017-08-30 20:26:32 | [main] students.Magistr (Magistr.java:8) - Magistr is learning and teaching other students
